

Date:2023-05-24 06:07:13,236
Thread:[1]
Level:ERROR
Logger:InsertBlazorCode.SyncfusionCodeGeneratorMenuCommand                         [(null)]
Message:System.ArgumentException: Value does not fall within the expected range.
   at EnvDTE80.DTE2.get_ActiveDocument()
   at InsertBlazorCode.SyncfusionCodeGeneratorMenuCommand.queryStatusMenuCommand_BeforeQueryStatus(Object sender, EventArgs e) in C:\Git\RP\vsext_insertblazorcode\SyncfusionBlazorcodegenerator\SyncfusionCodeGeneratorMenuCommand.cs:line 322


Date:2023-05-24 06:07:14,351
Thread:[1]
Level:ERROR
Logger:InsertBlazorCode.SyncfusionCodeGeneratorMenuCommand                         [(null)]
Message:System.ArgumentException: Value does not fall within the expected range.
   at EnvDTE80.DTE2.get_ActiveDocument()
   at InsertBlazorCode.SyncfusionCodeGeneratorMenuCommand.queryStatusMenuCommand_BeforeQueryStatus(Object sender, EventArgs e) in C:\Git\RP\vsext_insertblazorcode\SyncfusionBlazorcodegenerator\SyncfusionCodeGeneratorMenuCommand.cs:line 322


Date:2023-05-24 06:07:15,583
Thread:[1]
Level:ERROR
Logger:InsertBlazorCode.SyncfusionCodeGeneratorMenuCommand                         [(null)]
Message:System.ArgumentException: Value does not fall within the expected range.
   at EnvDTE80.DTE2.get_ActiveDocument()
   at InsertBlazorCode.SyncfusionCodeGeneratorMenuCommand.queryStatusMenuCommand_BeforeQueryStatus(Object sender, EventArgs e) in C:\Git\RP\vsext_insertblazorcode\SyncfusionBlazorcodegenerator\SyncfusionCodeGeneratorMenuCommand.cs:line 322


Date:2023-05-24 06:07:15,674
Thread:[1]
Level:ERROR
Logger:InsertBlazorCode.SyncfusionCodeGeneratorMenuCommand                         [(null)]
Message:System.ArgumentException: Value does not fall within the expected range.
   at EnvDTE80.DTE2.get_ActiveDocument()
   at InsertBlazorCode.SyncfusionCodeGeneratorMenuCommand.queryStatusMenuCommand_BeforeQueryStatus(Object sender, EventArgs e) in C:\Git\RP\vsext_insertblazorcode\SyncfusionBlazorcodegenerator\SyncfusionCodeGeneratorMenuCommand.cs:line 322


Date:2023-05-24 08:15:11,021
Thread:[1]
Level:ERROR
Logger:InsertBlazorCode.SyncfusionCodeGeneratorMenuCommand                         [(null)]
Message:System.NullReferenceException: Object reference not set to an instance of an object.
   at InsertBlazorCode.SyncfusionCodeGeneratorMenuCommand.queryStatusMenuCommand_BeforeQueryStatus(Object sender, EventArgs e) in C:\Git\RP\vsext_insertblazorcode\SyncfusionBlazorcodegenerator\SyncfusionCodeGeneratorMenuCommand.cs:line 322


Date:2023-05-24 08:15:11,265
Thread:[1]
Level:ERROR
Logger:InsertBlazorCode.SyncfusionCodeGeneratorMenuCommand                         [(null)]
Message:System.NullReferenceException: Object reference not set to an instance of an object.
   at InsertBlazorCode.SyncfusionCodeGeneratorMenuCommand.queryStatusMenuCommand_BeforeQueryStatus(Object sender, EventArgs e) in C:\Git\RP\vsext_insertblazorcode\SyncfusionBlazorcodegenerator\SyncfusionCodeGeneratorMenuCommand.cs:line 322
